<?xml version="1.0" encoding="UTF-8"?>
<Site BuildName="(empty)"
	BuildStamp="20240725-0328-Experimental"
	Name="stretch-re2-2069"
	Generator="ctest-3.26.4"
	CompilerName="/usr/bin/c++"
	CompilerVersion="9.4.0"
	OSName="Linux"
	Hostname="stretch-re2-2069"
	OSRelease="5.15.0-116-generic"
	OSVersion="#126~20.04.1-Ubuntu SMP Mon Jul 1 15:40:07 UTC 2024"
	OSPlatform="x86_64"
	Is64Bits="1"
	VendorString="GenuineIntel"
	VendorID="Intel Corporation"
	FamilyID="6"
	ModelID="142"
	ProcessorCacheSize="6144"
	NumberOfLogicalCPU="8"
	NumberOfPhysicalCPU="4"
	TotalVirtualMemory="2047"
	TotalPhysicalMemory="15857"
	LogicalProcessorsPerPhysical="2"
	ProcessorClockFrequency="2300"
	>
	<Testing>
		<StartDateTime>Jul 25 13:28 AEST</StartDateTime>
		<StartTestTime>1721878126</StartTestTime>
		<TestList/>
		<EndDateTime>Jul 25 13:28 AEST</EndDateTime>
		<EndTestTime>1721878126</EndTestTime>
		<ElapsedMinutes>0</ElapsedMinutes>
	</Testing>
</Site>
