<?xml version="1.0" encoding="UTF-8"?>
<Site BuildName="(empty)"
	BuildStamp="20240923-0524-Experimental"
	Name="stretch-re2-2069"
	Generator="ctest-3.26.4"
	CompilerName="/usr/bin/c++"
	CompilerVersion="9.4.0"
	OSName="Linux"
	Hostname="stretch-re2-2069"
	OSRelease="5.15.0-122-generic"
	OSVersion="#132~20.04.1-Ubuntu SMP Fri Aug 30 15:50:07 UTC 2024"
	OSPlatform="x86_64"
	Is64Bits="1"
	VendorString="GenuineIntel"
	VendorID="Intel Corporation"
	FamilyID="6"
	ModelID="142"
	ProcessorCacheSize="6144"
	NumberOfLogicalCPU="8"
	NumberOfPhysicalCPU="4"
	TotalVirtualMemory="2047"
	TotalPhysicalMemory="15857"
	LogicalProcessorsPerPhysical="2"
	ProcessorClockFrequency="3600.15"
	>
	<Testing>
		<StartDateTime>Sep 23 15:24 AEST</StartDateTime>
		<StartTestTime>1727069075</StartTestTime>
		<TestList/>
		<EndDateTime>Sep 23 15:24 AEST</EndDateTime>
		<EndTestTime>1727069075</EndTestTime>
		<ElapsedMinutes>0</ElapsedMinutes>
	</Testing>
</Site>
